<?xml version="1.0" encoding="UTF-8"?>
<!-- Generated by org.testng.reporters.JUnitReportReporter -->
<testsuite hostname="Pavan_Kumar" failures="0" tests="1" name="dec31.Assert3" time="6.474" errors="0" timestamp="2023-12-31T11:50:19 IST" skipped="0">
  <testcase classname="dec31.Assert3" name="verify_Title" time="6.474"/>
  <system-out/>
</testsuite> <!-- dec31.Assert3 -->
