<?xml version="1.0" encoding="UTF-8"?>
<!-- Generated by org.testng.reporters.JUnitReportReporter -->
<testsuite hostname="Pavan_Kumar" failures="0" tests="1" name="dec31.Assert" time="4.198" errors="0" timestamp="2023-12-31T10:27:38 IST" skipped="0">
  <testcase classname="dec31.Assert" name="StartTest" time="4.198"/>
  <system-out/>
</testsuite> <!-- dec31.Assert -->
