<?xml version="1.0" encoding="UTF-8"?>
<!-- Generated by org.testng.reporters.JUnitReportReporter -->
<testsuite hostname="Pavan_Kumar" failures="0" tests="3" name="dec31.FirstTestNGClass" time="1.631" errors="0" timestamp="2023-12-31T15:26:47 IST" skipped="0">
  <testcase classname="dec31.FirstTestNGClass" name="pBanking" time="0.906"/>
  <system-out>
    <![CDATA[Executing pBanking test]]>
  </system-out>
  <testcase classname="dec31.FirstTestNGClass" name="cBanking" time="0.388"/>
  <system-out>
    <![CDATA[Executing cBanking test]]>
  </system-out>
  <testcase classname="dec31.FirstTestNGClass" name="iBanking" time="0.337"/>
  <system-out>
    <![CDATA[Executing iBanking test]]>
  </system-out>
</testsuite> <!-- dec31.FirstTestNGClass -->
