<?xml version="1.0" encoding="UTF-8"?>
<!-- Generated by org.testng.reporters.JUnitReportReporter -->
<testsuite hostname="Pavan_Kumar" failures="0" tests="1" name="dec16.Primus_parameters1" time="1.674" errors="0" timestamp="2023-12-16T11:38:32 IST" skipped="0">
  <testcase classname="dec16.Primus_parameters1" name="startTest" time="1.674"/>
  <system-out/>
</testsuite> <!-- dec16.Primus_parameters1 -->
