<?xml version="1.0" encoding="UTF-8"?>
<!-- Generated by org.testng.reporters.JUnitReportReporter -->
<testsuite hostname="Pavan_Kumar" failures="0" tests="10" name="dec18.Cross_Browser" time="13.445" errors="0" timestamp="2023-12-19T14:05:24 IST" skipped="0">
  <testcase classname="dec18.Cross_Browser" name="AdminLogin" time="1.139"/>
  <system-out>
    <![CDATA[Invalid credentials dashboard  http://orangehrm.qedgetech.com/symfony/web/index.php/auth/validateCredentials]]>
  </system-out>
  <testcase classname="dec18.Cross_Browser" name="AdminLogin" time="1.132"/>
  <system-out>
    <![CDATA[Invalid credentials dashboard  http://orangehrm.qedgetech.com/symfony/web/index.php/auth/validateCredentials]]>
  </system-out>
  <testcase classname="dec18.Cross_Browser" name="AdminLogin" time="0.624"/>
  <system-out>
    <![CDATA[Invalid credentials dashboard  http://orangehrm.qedgetech.com/symfony/web/index.php/auth/validateCredentials]]>
  </system-out>
  <testcase classname="dec18.Cross_Browser" name="AdminLogin" time="1.219"/>
  <system-out>
    <![CDATA[Login successdashboard  http://orangehrm.qedgetech.com/symfony/web/index.php/dashboard]]>
  </system-out>
  <testcase classname="dec18.Cross_Browser" name="AdminLogin" time="1.354"/>
  <system-out>
    <![CDATA[Login successdashboard  http://orangehrm.qedgetech.com/symfony/web/index.php/dashboard]]>
  </system-out>
  <testcase classname="dec18.Cross_Browser" name="AdminLogin" time="1.123"/>
  <system-out>
    <![CDATA[Login successdashboard  http://orangehrm.qedgetech.com/symfony/web/index.php/dashboard]]>
  </system-out>
  <testcase classname="dec18.Cross_Browser" name="AdminLogin" time="2.373"/>
  <system-out>
    <![CDATA[Login successdashboard  http://orangehrm.qedgetech.com/symfony/web/index.php/dashboard]]>
  </system-out>
  <testcase classname="dec18.Cross_Browser" name="AdminLogin" time="0.933"/>
  <system-out>
    <![CDATA[Invalid credentials dashboard  http://orangehrm.qedgetech.com/symfony/web/index.php/auth/validateCredentials]]>
  </system-out>
  <testcase classname="dec18.Cross_Browser" name="AdminLogin" time="2.368"/>
  <system-out>
    <![CDATA[Login successdashboard  http://orangehrm.qedgetech.com/symfony/web/index.php/dashboard]]>
  </system-out>
  <testcase classname="dec18.Cross_Browser" name="AdminLogin" time="1.180"/>
  <system-out>
    <![CDATA[Login successdashboard  http://orangehrm.qedgetech.com/symfony/web/index.php/dashboard]]>
  </system-out>
</testsuite> <!-- dec18.Cross_Browser -->
