<?xml version="1.0" encoding="UTF-8"?>
<!-- Generated by org.testng.reporters.JUnitReportReporter -->
<testsuite hostname="Pavan_Kumar" failures="0" tests="4" name="dec31.FifthTestNGClass" time="4.502" errors="0" timestamp="2023-12-31T17:43:30 IST" skipped="0">
  <testcase classname="dec31.FifthTestNGClass" name="time" time="1.031"/>
  <system-out/>
  <testcase classname="dec31.FifthTestNGClass" name="pim" time="0.796"/>
  <system-out/>
  <testcase classname="dec31.FifthTestNGClass" name="admin" time="1.654"/>
  <system-out/>
  <testcase classname="dec31.FifthTestNGClass" name="leave" time="1.021"/>
  <system-out/>
</testsuite> <!-- dec31.FifthTestNGClass -->
