<?xml version="1.0" encoding="UTF-8"?>
<!-- Generated by org.testng.reporters.JUnitReportReporter -->
<testsuite hostname="Pavan_Kumar" failures="0" tests="4" name="dec12.ThirdTestNGClass" time="6.631" errors="0" timestamp="2023-12-18T21:45:52 IST" skipped="0">
  <testcase classname="dec12.ThirdTestNGClass" name="leave" time="1.494"/>
  <system-out/>
  <testcase classname="dec12.ThirdTestNGClass" name="pim" time="1.264"/>
  <system-out/>
  <testcase classname="dec12.ThirdTestNGClass" name="admin" time="2.607"/>
  <system-out/>
  <testcase classname="dec12.ThirdTestNGClass" name="time" time="1.266"/>
  <system-out/>
</testsuite> <!-- dec12.ThirdTestNGClass -->
