<?xml version="1.0" encoding="UTF-8"?>
<!-- Generated by org.testng.reporters.JUnitReportReporter -->
<testsuite hostname="Pavan_Kumar" failures="0" tests="3" name="dec12.FirstTestNGClass1" time="1.329" errors="0" timestamp="2023-12-13T13:11:17 IST" skipped="0">
  <testcase classname="dec12.FirstTestNGClass1" name="iBanking" time="0.310"/>
  <system-out>
    <![CDATA[Executing iBanking]]>
  </system-out>
  <testcase classname="dec12.FirstTestNGClass1" name="cBanking" time="0.320"/>
  <system-out>
    <![CDATA[Executing cBanking]]>
  </system-out>
  <testcase classname="dec12.FirstTestNGClass1" name="pBanking" time="0.699"/>
  <system-out>
    <![CDATA[Executing pBanking test]]>
  </system-out>
</testsuite> <!-- dec12.FirstTestNGClass1 -->
