<?xml version="1.0" encoding="UTF-8"?>
<!-- Generated by org.testng.reporters.JUnitReportReporter -->
<testsuite hostname="Pavan_Kumar" failures="0" tests="1" name="dec31.Assert2" time="4.676" errors="0" timestamp="2023-12-31T11:33:12 IST" skipped="0">
  <testcase classname="dec31.Assert2" name="verify_Title" time="4.676"/>
  <system-out/>
</testsuite> <!-- dec31.Assert2 -->
