<?xml version="1.0" encoding="UTF-8"?>
<!-- Generated by org.testng.reporters.JUnitReportReporter -->
<testsuite hostname="Pavan_Kumar" failures="0" tests="4" name="dec12.ThirdTestNGClassc" time="5.423" errors="0" timestamp="2023-12-18T21:45:52 IST" skipped="0">
  <testcase classname="dec12.ThirdTestNGClassc" name="pim" time="0.994"/>
  <system-out/>
  <testcase classname="dec12.ThirdTestNGClassc" name="time" time="1.212"/>
  <system-out/>
  <testcase classname="dec12.ThirdTestNGClassc" name="admin" time="1.890"/>
  <system-out/>
  <testcase classname="dec12.ThirdTestNGClassc" name="leave" time="1.327"/>
  <system-out/>
</testsuite> <!-- dec12.ThirdTestNGClassc -->
