<?xml version="1.0" encoding="UTF-8"?>
<!-- Generated by org.testng.reporters.JUnitReportReporter -->
<testsuite hostname="Pavan_Kumar" failures="0" tests="3" name="dec12.SecondTestNGClassb" time="15.010" errors="0" timestamp="2023-12-18T21:45:52 IST" skipped="0">
  <testcase classname="dec12.SecondTestNGClassb" name="roles" time="5.001"/>
  <system-out>
    <![CDATA[Executing Roles test]]>
  </system-out>
  <testcase classname="dec12.SecondTestNGClassb" name="users" time="5.003"/>
  <system-out>
    <![CDATA[Executing Users test]]>
  </system-out>
  <testcase classname="dec12.SecondTestNGClassb" name="branches" time="5.006"/>
  <system-out>
    <![CDATA[Executing Branches test]]>
  </system-out>
</testsuite> <!-- dec12.SecondTestNGClassb -->
