<?xml version="1.0" encoding="UTF-8"?>
<!-- Generated by org.testng.reporters.JUnitReportReporter -->
<testsuite hostname="Pavan_Kumar" failures="0" tests="8" name="jan1.Cross" time="10.922" errors="0" timestamp="2024-01-02T17:43:09 IST" skipped="0">
  <testcase classname="jan1.Cross" name="AdminLogin" time="0.818"/>
  <system-out>
    <![CDATA[Invalid credentials  dashboard  http://orangehrm.qedgetech.com/symfony/web/index.php/auth/validateCredentials]]>
  </system-out>
  <testcase classname="jan1.Cross" name="AdminLogin" time="2.675"/>
  <system-out>
    <![CDATA[Login success::http://orangehrm.qedgetech.com/symfony/web/index.php/dashboard  dashboard]]>
  </system-out>
  <testcase classname="jan1.Cross" name="AdminLogin" time="0.706"/>
  <system-out>
    <![CDATA[Invalid credentials  dashboard  http://orangehrm.qedgetech.com/symfony/web/index.php/auth/validateCredentials]]>
  </system-out>
  <testcase classname="jan1.Cross" name="AdminLogin" time="0.514"/>
  <system-out>
    <![CDATA[Invalid credentials  dashboard  http://orangehrm.qedgetech.com/symfony/web/index.php/auth/validateCredentials]]>
  </system-out>
  <testcase classname="jan1.Cross" name="AdminLogin" time="0.615"/>
  <system-out>
    <![CDATA[Invalid credentials  dashboard  http://orangehrm.qedgetech.com/symfony/web/index.php/auth/validateCredentials]]>
  </system-out>
  <testcase classname="jan1.Cross" name="AdminLogin" time="3.295"/>
  <system-out>
    <![CDATA[Login success::http://orangehrm.qedgetech.com/symfony/web/index.php/dashboard  dashboard]]>
  </system-out>
  <testcase classname="jan1.Cross" name="AdminLogin" time="1.217"/>
  <system-out>
    <![CDATA[Login success::http://orangehrm.qedgetech.com/symfony/web/index.php/dashboard  dashboard]]>
  </system-out>
  <testcase classname="jan1.Cross" name="AdminLogin" time="1.082"/>
  <system-out>
    <![CDATA[Login success::http://orangehrm.qedgetech.com/symfony/web/index.php/dashboard  dashboard]]>
  </system-out>
</testsuite> <!-- jan1.Cross -->
