<?xml version="1.0" encoding="UTF-8"?>
<!-- Generated by org.testng.reporters.JUnitReportReporter -->
<testsuite hostname="Pavan_Kumar" failures="0" tests="1" name="dec31.Primus_parameters" time="15.747" errors="0" timestamp="2023-12-31T20:09:19 IST" skipped="0">
  <testcase classname="dec31.Primus_parameters" name="startTest" time="15.747"/>
  <system-out/>
</testsuite> <!-- dec31.Primus_parameters -->
