<?xml version="1.0" encoding="UTF-8"?>
<!-- Generated by org.testng.reporters.JUnitReportReporter -->
<testsuite hostname="Pavan_Kumar" failures="0" tests="1" name="dec31.SecondTestNGClass" time="0.232" errors="0" timestamp="2023-12-31T18:33:36 IST" skipped="0">
  <testcase classname="dec31.SecondTestNGClass" name="cBanking" time="0.232"/>
  <system-out>
    <![CDATA[Executing cBankingTest]]>
  </system-out>
</testsuite> <!-- dec31.SecondTestNGClass -->
