<?xml version="1.0" encoding="UTF-8"?>
<!-- Generated by org.testng.reporters.JUnitReportReporter -->
<testsuite hostname="Pavan_Kumar" failures="0" tests="3" name="dec12.FirstTestNGClassa" time="1.182" errors="0" timestamp="2023-12-18T21:45:52 IST" skipped="0">
  <testcase classname="dec12.FirstTestNGClassa" name="pBanking" time="0.529"/>
  <system-out>
    <![CDATA[Executing pBanking test]]>
  </system-out>
  <testcase classname="dec12.FirstTestNGClassa" name="iBanking" time="0.325"/>
  <system-out>
    <![CDATA[Executing iBanking]]>
  </system-out>
  <testcase classname="dec12.FirstTestNGClassa" name="cBanking" time="0.328"/>
  <system-out>
    <![CDATA[Executing cBanking]]>
  </system-out>
</testsuite> <!-- dec12.FirstTestNGClassa -->
