<?xml version="1.0" encoding="UTF-8"?>
<!-- Generated by org.testng.reporters.JUnitReportReporter -->
<testsuite hostname="Pavan_Kumar" failures="0" tests="5" name="dec18.Using_DataProvider" time="17.424" errors="0" timestamp="2023-12-18T16:13:29 IST" skipped="0">
  <testcase classname="dec18.Using_DataProvider" name="AdminLogin" time="1.928"/>
  <system-out>
    <![CDATA[Invalid credentials  dashboard  http://orangehrm.qedgetech.com/symfony/web/index.php/auth/validateCredentials]]>
  </system-out>
  <testcase classname="dec18.Using_DataProvider" name="AdminLogin" time="2.717"/>
  <system-out>
    <![CDATA[Login success::dashboard  http://orangehrm.qedgetech.com/symfony/web/index.php/dashboard]]>
  </system-out>
  <testcase classname="dec18.Using_DataProvider" name="AdminLogin" time="1.936"/>
  <system-out>
    <![CDATA[Invalid credentials  dashboard  http://orangehrm.qedgetech.com/symfony/web/index.php/auth/validateCredentials]]>
  </system-out>
  <testcase classname="dec18.Using_DataProvider" name="AdminLogin" time="2.211"/>
  <system-out>
    <![CDATA[Login success::dashboard  http://orangehrm.qedgetech.com/symfony/web/index.php/dashboard]]>
  </system-out>
  <testcase classname="dec18.Using_DataProvider" name="AdminLogin" time="8.632"/>
  <system-out>
    <![CDATA[Login success::dashboard  http://orangehrm.qedgetech.com/symfony/web/index.php/dashboard]]>
  </system-out>
</testsuite> <!-- dec18.Using_DataProvider -->
