<?xml version="1.0" encoding="UTF-8"?>
<!-- Generated by org.testng.reporters.JUnitReportReporter -->
<testsuite hostname="Pavan_Kumar" failures="0" tests="4" name="dec19.Dataprovider2" time="14.420" errors="0" timestamp="2023-12-31T12:08:44 IST" skipped="0">
  <testcase classname="dec19.Dataprovider2" name="AdminLogin" time="9.016"/>
  <system-out/>
  <testcase classname="dec19.Dataprovider2" name="AdminLogin" time="1.845"/>
  <system-out/>
  <testcase classname="dec19.Dataprovider2" name="AdminLogin" time="1.760"/>
  <system-out/>
  <testcase classname="dec19.Dataprovider2" name="AdminLogin" time="1.799"/>
  <system-out/>
</testsuite> <!-- dec19.Dataprovider2 -->
