<?xml version="1.0" encoding="UTF-8"?>
<!-- Generated by org.testng.reporters.JUnitReportReporter -->
<testsuite hostname="Pavan_Kumar" failures="0" tests="3" name="dec12.SecondTestNGClass" time="15.846" errors="0" timestamp="2023-12-18T21:45:52 IST" skipped="0">
  <testcase classname="dec12.SecondTestNGClass" name="branches" time="5.259"/>
  <system-out>
    <![CDATA[Executing Branches Test]]>
  </system-out>
  <testcase classname="dec12.SecondTestNGClass" name="roles" time="4.917"/>
  <system-out>
    <![CDATA[Executing Roles Test]]>
  </system-out>
  <testcase classname="dec12.SecondTestNGClass" name="users" time="5.670"/>
  <system-out>
    <![CDATA[Executing Users Test]]>
  </system-out>
</testsuite> <!-- dec12.SecondTestNGClass -->
