<?xml version="1.0" encoding="UTF-8"?>
<!-- Generated by org.testng.reporters.JUnitReportReporter -->
<testsuite hostname="Pavan_Kumar" failures="0" tests="1" name="dec15.Primus_parameters" time="4.655" errors="0" timestamp="2023-12-16T10:01:35 IST" skipped="0">
  <testcase classname="dec15.Primus_parameters" name="startTest" time="4.655"/>
  <system-out/>
</testsuite> <!-- dec15.Primus_parameters -->
