<?xml version="1.0" encoding="UTF-8"?>
<!-- Generated by org.testng.reporters.JUnitReportReporter -->
<testsuite hostname="Pavan_Kumar" failures="0" tests="1" name="dec16.Primus_parameters2" time="2.735" errors="0" timestamp="2023-12-16T13:15:44 IST" skipped="0">
  <testcase classname="dec16.Primus_parameters2" name="startTest" time="2.735"/>
  <system-out/>
</testsuite> <!-- dec16.Primus_parameters2 -->
