<?xml version="1.0" encoding="UTF-8"?>
<!-- Generated by org.testng.reporters.JUnitReportReporter -->
<testsuite hostname="Pavan_Kumar" failures="0" tests="5" name="dec31.Dataprovider1" time="20.382" errors="0" timestamp="2023-12-31T22:16:08 IST" skipped="0">
  <testcase classname="dec31.Dataprovider1" name="AdminLogin" time="7.080"/>
  <system-out>
    <![CDATA[Login success::dashboard  http://orangehrm.qedgetech.com/symfony/web/index.php/dashboard]]>
  </system-out>
  <testcase classname="dec31.Dataprovider1" name="AdminLogin" time="2.455"/>
  <system-out>
    <![CDATA[Invalid credentialsdashboard  http://orangehrm.qedgetech.com/symfony/web/index.php/auth/validateCredentials]]>
  </system-out>
  <testcase classname="dec31.Dataprovider1" name="AdminLogin" time="2.223"/>
  <system-out>
    <![CDATA[Invalid credentialsdashboard  http://orangehrm.qedgetech.com/symfony/web/index.php/auth/validateCredentials]]>
  </system-out>
  <testcase classname="dec31.Dataprovider1" name="AdminLogin" time="6.160"/>
  <system-out>
    <![CDATA[Invalid credentialsdashboard  http://orangehrm.qedgetech.com/symfony/web/index.php/auth/validateCredentials]]>
  </system-out>
  <testcase classname="dec31.Dataprovider1" name="AdminLogin" time="2.464"/>
  <system-out>
    <![CDATA[Invalid credentialsdashboard  http://orangehrm.qedgetech.com/symfony/web/index.php/auth/validateCredentials]]>
  </system-out>
</testsuite> <!-- dec31.Dataprovider1 -->
