<?xml version="1.0" encoding="UTF-8"?>
<!-- Generated by org.testng.reporters.JUnitReportReporter -->
<testsuite hostname="Pavan_Kumar" failures="0" tests="5" name="dec31.Dataprovider" time="17.417" errors="0" timestamp="2023-12-31T21:36:33 IST" skipped="0">
  <testcase classname="dec31.Dataprovider" name="AdminLogin" time="2.451"/>
  <system-out>
    <![CDATA[Invalid credentialsdashboard  http://orangehrm.qedgetech.com/symfony/web/index.php/auth/validateCredentials]]>
  </system-out>
  <testcase classname="dec31.Dataprovider" name="AdminLogin" time="1.915"/>
  <system-out>
    <![CDATA[Invalid credentialsdashboard  http://orangehrm.qedgetech.com/symfony/web/index.php/auth/validateCredentials]]>
  </system-out>
  <testcase classname="dec31.Dataprovider" name="AdminLogin" time="1.919"/>
  <system-out>
    <![CDATA[Invalid credentialsdashboard  http://orangehrm.qedgetech.com/symfony/web/index.php/auth/validateCredentials]]>
  </system-out>
  <testcase classname="dec31.Dataprovider" name="AdminLogin" time="8.851"/>
  <system-out>
    <![CDATA[Login success::dashboard  http://orangehrm.qedgetech.com/symfony/web/index.php/dashboard]]>
  </system-out>
  <testcase classname="dec31.Dataprovider" name="AdminLogin" time="2.281"/>
  <system-out>
    <![CDATA[Invalid credentialsdashboard  http://orangehrm.qedgetech.com/symfony/web/index.php/auth/validateCredentials]]>
  </system-out>
</testsuite> <!-- dec31.Dataprovider -->
