<?xml version="1.0" encoding="UTF-8"?>
<!-- Generated by org.testng.reporters.JUnitReportReporter -->
<testsuite hostname="Pavan_Kumar" failures="0" tests="3" name="dec31.Completeassert" time="44.578" errors="0" timestamp="2023-12-31T13:25:02 IST" skipped="0">
  <testcase classname="dec31.Completeassert" name="assertTrue" time="38.425"/>
  <system-out/>
  <testcase classname="dec31.Completeassert" name="assertFalse" time="3.144"/>
  <system-out/>
  <testcase classname="dec31.Completeassert" name="assertTest" time="3.009"/>
  <system-out/>
</testsuite> <!-- dec31.Completeassert -->
