<?xml version="1.0" encoding="UTF-8"?>
<!-- Generated by org.testng.reporters.JUnitReportReporter -->
<testsuite hostname="Pavan_Kumar" failures="0" tests="3" name="dec12.FirstTestNGClass" time="1.453" errors="0" timestamp="2023-12-18T21:45:52 IST" skipped="0">
  <testcase classname="dec12.FirstTestNGClass" name="pBanking" time="0.786"/>
  <system-out>
    <![CDATA[Executing pBanking test]]>
  </system-out>
  <testcase classname="dec12.FirstTestNGClass" name="cBanking" time="0.317"/>
  <system-out>
    <![CDATA[Executing cBanking test]]>
  </system-out>
  <testcase classname="dec12.FirstTestNGClass" name="iBanking" time="0.350"/>
  <system-out>
    <![CDATA[Executing iBanking test]]>
  </system-out>
</testsuite> <!-- dec12.FirstTestNGClass -->
