<?xml version="1.0" encoding="UTF-8"?>
<!-- Generated by org.testng.reporters.JUnitReportReporter -->
<testsuite hostname="Pavan_Kumar" failures="0" tests="4" name="dec31.FourthTestNGClass" time="4.592" errors="0" timestamp="2023-12-31T17:24:49 IST" skipped="0">
  <testcase classname="dec31.FourthTestNGClass" name="time" time="1.064"/>
  <system-out/>
  <testcase classname="dec31.FourthTestNGClass" name="admin" time="1.666"/>
  <system-out/>
  <testcase classname="dec31.FourthTestNGClass" name="pim" time="0.830"/>
  <system-out/>
  <testcase classname="dec31.FourthTestNGClass" name="leave" time="1.032"/>
  <system-out/>
</testsuite> <!-- dec31.FourthTestNGClass -->
