<?xml version="1.0" encoding="UTF-8"?>
<!-- Generated by org.testng.reporters.JUnitReportReporter -->
<testsuite hostname="Pavan_Kumar" failures="0" tests="7" name="dec31.ThirdTestNGClass" time="21.356" errors="0" timestamp="2023-12-31T17:49:09 IST" skipped="1">
  <testcase classname="dec31.ThirdTestNGClass" name="roles" time="3.621"/>
  <system-out>
    <![CDATA[Executing roles Test]]>
  </system-out>
  <testcase classname="dec31.ThirdTestNGClass" name="roles" time="3.312"/>
  <system-out>
    <![CDATA[Executing roles Test]]>
  </system-out>
  <testcase classname="dec31.ThirdTestNGClass" name="roles" time="3.328"/>
  <system-out>
    <![CDATA[Executing roles Test]]>
  </system-out>
  <testcase classname="dec31.ThirdTestNGClass" name="roles" time="3.397"/>
  <system-out>
    <![CDATA[Executing roles Test]]>
  </system-out>
  <testcase classname="dec31.ThirdTestNGClass" name="roles" time="3.577"/>
  <system-out>
    <![CDATA[Executing roles Test]]>
  </system-out>
  <testcase classname="dec31.ThirdTestNGClass" name="users" time="4.121"/>
  <system-out>
    <![CDATA[Executing users Test]]>
  </system-out>
  <testcase classname="dec31.ThirdTestNGClass" name="branches">
    <skipped/>
  </testcase> <!-- branches -->
  <system-out/>
</testsuite> <!-- dec31.ThirdTestNGClass -->
